<?xml version="1.0" encoding="UTF-8"?>
<testsuite name="com.example.demo.DemoApplicationTests" tests="1" skipped="0" failures="0" errors="0" timestamp="2023-07-21T10:42:24" hostname="PRX-LP000430" time="0.412">
  <properties/>
  <testcase name="contextLoads()" classname="com.example.demo.DemoApplicationTests" time="0.412"/>
  <system-out><![CDATA[11:42:19.638 [Test worker] INFO org.springframework.test.context.support.AnnotationConfigContextLoaderUtils -- Could not detect default configuration classes for test class [com.example.demo.DemoApplicationTests]: DemoApplicationTests does not declare any static, non-private, non-final, nested classes annotated with @Configuration.
11:42:19.723 [Test worker] INFO org.springframework.boot.test.context.SpringBootTestContextBootstrapper -- Found @SpringBootConfiguration com.example.demo.DemoApplication for test class com.example.demo.DemoApplicationTests

  .   ____          _            __ _ _
 /\\ / ___'_ __ _ _(_)_ __  __ _ \ \ \ \
( ( )\___ | '_ | '_| | '_ \/ _` | \ \ \ \
 \\/  ___)| |_)| | | | | || (_| |  ) ) ) )
  '  |____| .__|_| |_|_| |_\__, | / / / /
 =========|_|==============|___/=/_/_/_/
 :: Spring Boot ::                (v3.1.1)

2023-07-21T11:42:20.100+01:00  INFO 11072 --- [    Test worker] com.example.demo.DemoApplicationTests    : Starting DemoApplicationTests using Java 17.0.8 with PID 11072 (started by nabil.jarray in C:\Users\nabil.jarray\workspace\Trainee\skillbuilder_Back)
2023-07-21T11:42:20.101+01:00  INFO 11072 --- [    Test worker] com.example.demo.DemoApplicationTests    : No active profile set, falling back to 1 default profile: "default"
2023-07-21T11:42:20.751+01:00  INFO 11072 --- [    Test worker] .s.d.r.c.RepositoryConfigurationDelegate : Multiple Spring Data modules found, entering strict repository configuration mode
2023-07-21T11:42:20.753+01:00  INFO 11072 --- [    Test worker] .s.d.r.c.RepositoryConfigurationDelegate : Bootstrapping Spring Data JDBC repositories in DEFAULT mode.
2023-07-21T11:42:20.792+01:00  INFO 11072 --- [    Test worker] .RepositoryConfigurationExtensionSupport : Spring Data JDBC - Could not safely identify store assignment for repository candidate interface com.example.demo.user.UserRepository; If you want this repository to be a JDBC repository, consider annotating your entities with one of these annotations: org.springframework.data.relational.core.mapping.Table.
2023-07-21T11:42:20.793+01:00  INFO 11072 --- [    Test worker] .s.d.r.c.RepositoryConfigurationDelegate : Finished Spring Data repository scanning in 35 ms. Found 0 JDBC repository interfaces.
2023-07-21T11:42:20.811+01:00  INFO 11072 --- [    Test worker] .s.d.r.c.RepositoryConfigurationDelegate : Multiple Spring Data modules found, entering strict repository configuration mode
2023-07-21T11:42:20.812+01:00  INFO 11072 --- [    Test worker] .s.d.r.c.RepositoryConfigurationDelegate : Bootstrapping Spring Data JPA repositories in DEFAULT mode.
2023-07-21T11:42:20.845+01:00  INFO 11072 --- [    Test worker] .s.d.r.c.RepositoryConfigurationDelegate : Finished Spring Data repository scanning in 28 ms. Found 1 JPA repository interfaces.
2023-07-21T11:42:21.242+01:00  INFO 11072 --- [    Test worker] o.hibernate.jpa.internal.util.LogHelper  : HHH000204: Processing PersistenceUnitInfo [name: default]
2023-07-21T11:42:21.312+01:00  INFO 11072 --- [    Test worker] org.hibernate.Version                    : HHH000412: Hibernate ORM core version 6.2.5.Final
2023-07-21T11:42:21.315+01:00  INFO 11072 --- [    Test worker] org.hibernate.cfg.Environment            : HHH000406: Using bytecode reflection optimizer
2023-07-21T11:42:21.436+01:00  INFO 11072 --- [    Test worker] o.h.b.i.BytecodeProviderInitiator        : HHH000021: Bytecode provider name : bytebuddy
2023-07-21T11:42:21.569+01:00  INFO 11072 --- [    Test worker] o.s.o.j.p.SpringPersistenceUnitInfo      : No LoadTimeWeaver setup: ignoring JPA class transformer
2023-07-21T11:42:21.586+01:00  INFO 11072 --- [    Test worker] com.zaxxer.hikari.HikariDataSource       : HikariPool-1 - Starting...
2023-07-21T11:42:21.779+01:00  INFO 11072 --- [    Test worker] com.zaxxer.hikari.pool.HikariPool        : HikariPool-1 - Added connection org.postgresql.jdbc.PgConnection@374b6e33
2023-07-21T11:42:21.782+01:00  INFO 11072 --- [    Test worker] com.zaxxer.hikari.HikariDataSource       : HikariPool-1 - Start completed.
2023-07-21T11:42:22.022+01:00  INFO 11072 --- [    Test worker] o.h.b.i.BytecodeProviderInitiator        : HHH000021: Bytecode provider name : bytebuddy
2023-07-21T11:42:22.560+01:00  INFO 11072 --- [    Test worker] o.h.e.t.j.p.i.JtaPlatformInitiator       : HHH000490: Using JtaPlatform implementation: [org.hibernate.engine.transaction.jta.platform.internal.NoJtaPlatform]
2023-07-21T11:42:22.603+01:00  INFO 11072 --- [    Test worker] j.LocalContainerEntityManagerFactoryBean : Initialized JPA EntityManagerFactory for persistence unit 'default'
2023-07-21T11:42:22.669+01:00  WARN 11072 --- [    Test worker] JpaBaseConfiguration$JpaWebConfiguration : spring.jpa.open-in-view is enabled by default. Therefore, database queries may be performed during view rendering. Explicitly configure spring.jpa.open-in-view to disable this warning
2023-07-21T11:42:22.797+01:00  INFO 11072 --- [    Test worker] o.s.s.web.DefaultSecurityFilterChain     : Will secure any request with [org.springframework.security.web.session.DisableEncodeUrlFilter@47c15468, org.springframework.security.web.context.request.async.WebAsyncManagerIntegrationFilter@9fc2f89, org.springframework.security.web.context.SecurityContextHolderFilter@74a3160d, org.springframework.security.web.header.HeaderWriterFilter@647ce968, org.springframework.security.web.csrf.CsrfFilter@5f26cb8b, org.springframework.security.web.authentication.logout.LogoutFilter@56ec6ac0, org.springframework.security.web.savedrequest.RequestCacheAwareFilter@498b697, org.springframework.security.web.servletapi.SecurityContextHolderAwareRequestFilter@63846fa4, org.springframework.security.web.authentication.AnonymousAuthenticationFilter@5f877009, org.springframework.security.web.access.ExceptionTranslationFilter@2cc9a948]
2023-07-21T11:42:23.690+01:00  INFO 11072 --- [    Test worker] o.s.d.j.r.query.QueryEnhancerFactory     : Hibernate is in classpath; If applicable, HQL parser will be used.
2023-07-21T11:42:24.081+01:00  INFO 11072 --- [    Test worker] com.example.demo.DemoApplicationTests    : Started DemoApplicationTests in 4.205 seconds (process running for 5.29)
]]></system-out>
  <system-err><![CDATA[]]></system-err>
</testsuite>
