<?xml version="1.0" encoding="UTF-8"?>
<testsuite name="com.example.demo.DemoApplicationTests" tests="1" skipped="0" failures="0" errors="0" timestamp="2023-07-06T22:30:50" hostname="DESKTOP-LS4NJ2P" time="1.225">
  <properties/>
  <testcase name="contextLoads()" classname="com.example.demo.DemoApplicationTests" time="1.225"/>
  <system-out><![CDATA[00:30:42.212 [Test worker] INFO org.springframework.test.context.support.AnnotationConfigContextLoaderUtils -- Could not detect default configuration classes for test class [com.example.demo.DemoApplicationTests]: DemoApplicationTests does not declare any static, non-private, non-final, nested classes annotated with @Configuration.
00:30:42.307 [Test worker] INFO org.springframework.boot.test.context.SpringBootTestContextBootstrapper -- Found @SpringBootConfiguration com.example.demo.DemoApplication for test class com.example.demo.DemoApplicationTests

  .   ____          _            __ _ _
 /\\ / ___'_ __ _ _(_)_ __  __ _ \ \ \ \
( ( )\___ | '_ | '_| | '_ \/ _` | \ \ \ \
 \\/  ___)| |_)| | | | | || (_| |  ) ) ) )
  '  |____| .__|_| |_|_| |_\__, | / / / /
 =========|_|==============|___/=/_/_/_/
 :: Spring Boot ::                (v3.1.1)

2023-07-07T00:30:42.742+02:00  INFO 265196 --- [    Test worker] com.example.demo.DemoApplicationTests    : Starting DemoApplicationTests using Java 17.0.7 with PID 265196 (started by lenovo in C:\Users\lenovo\IdeaProjects\SkillBuilderProject)
2023-07-07T00:30:42.743+02:00  INFO 265196 --- [    Test worker] com.example.demo.DemoApplicationTests    : No active profile set, falling back to 1 default profile: "default"
2023-07-07T00:30:43.399+02:00  INFO 265196 --- [    Test worker] .s.d.r.c.RepositoryConfigurationDelegate : Multiple Spring Data modules found, entering strict repository configuration mode
2023-07-07T00:30:43.400+02:00  INFO 265196 --- [    Test worker] .s.d.r.c.RepositoryConfigurationDelegate : Bootstrapping Spring Data JDBC repositories in DEFAULT mode.
2023-07-07T00:30:43.431+02:00  INFO 265196 --- [    Test worker] .RepositoryConfigurationExtensionSupport : Spring Data JDBC - Could not safely identify store assignment for repository candidate interface com.example.demo.registration.token.VerificationTokenRepository; If you want this repository to be a JDBC repository, consider annotating your entities with one of these annotations: org.springframework.data.relational.core.mapping.Table.
2023-07-07T00:30:43.435+02:00  INFO 265196 --- [    Test worker] .RepositoryConfigurationExtensionSupport : Spring Data JDBC - Could not safely identify store assignment for repository candidate interface com.example.demo.user.UserRepository; If you want this repository to be a JDBC repository, consider annotating your entities with one of these annotations: org.springframework.data.relational.core.mapping.Table.
2023-07-07T00:30:43.436+02:00  INFO 265196 --- [    Test worker] .s.d.r.c.RepositoryConfigurationDelegate : Finished Spring Data repository scanning in 31 ms. Found 0 JDBC repository interfaces.
2023-07-07T00:30:43.449+02:00  INFO 265196 --- [    Test worker] .s.d.r.c.RepositoryConfigurationDelegate : Multiple Spring Data modules found, entering strict repository configuration mode
2023-07-07T00:30:43.450+02:00  INFO 265196 --- [    Test worker] .s.d.r.c.RepositoryConfigurationDelegate : Bootstrapping Spring Data JPA repositories in DEFAULT mode.
2023-07-07T00:30:43.484+02:00  INFO 265196 --- [    Test worker] .s.d.r.c.RepositoryConfigurationDelegate : Finished Spring Data repository scanning in 30 ms. Found 2 JPA repository interfaces.
2023-07-07T00:30:43.951+02:00  INFO 265196 --- [    Test worker] o.hibernate.jpa.internal.util.LogHelper  : HHH000204: Processing PersistenceUnitInfo [name: default]
2023-07-07T00:30:44.044+02:00  INFO 265196 --- [    Test worker] org.hibernate.Version                    : HHH000412: Hibernate ORM core version 6.2.5.Final
2023-07-07T00:30:44.047+02:00  INFO 265196 --- [    Test worker] org.hibernate.cfg.Environment            : HHH000406: Using bytecode reflection optimizer
2023-07-07T00:30:44.251+02:00  INFO 265196 --- [    Test worker] o.h.b.i.BytecodeProviderInitiator        : HHH000021: Bytecode provider name : bytebuddy
2023-07-07T00:30:44.448+02:00  INFO 265196 --- [    Test worker] o.s.o.j.p.SpringPersistenceUnitInfo      : No LoadTimeWeaver setup: ignoring JPA class transformer
2023-07-07T00:30:44.471+02:00  INFO 265196 --- [    Test worker] com.zaxxer.hikari.HikariDataSource       : HikariPool-1 - Starting...
2023-07-07T00:30:45.030+02:00  INFO 265196 --- [    Test worker] com.zaxxer.hikari.pool.HikariPool        : HikariPool-1 - Added connection org.postgresql.jdbc.PgConnection@6e321d9d
2023-07-07T00:30:45.032+02:00  INFO 265196 --- [    Test worker] com.zaxxer.hikari.HikariDataSource       : HikariPool-1 - Start completed.
2023-07-07T00:30:45.357+02:00  INFO 265196 --- [    Test worker] o.h.b.i.BytecodeProviderInitiator        : HHH000021: Bytecode provider name : bytebuddy
2023-07-07T00:30:46.657+02:00  INFO 265196 --- [    Test worker] o.h.e.t.j.p.i.JtaPlatformInitiator       : HHH000490: Using JtaPlatform implementation: [org.hibernate.engine.transaction.jta.platform.internal.NoJtaPlatform]
Hibernate: alter table if exists verification_token alter column expiration_time set data type timestamp(6)
2023-07-07T00:30:47.125+02:00  INFO 265196 --- [    Test worker] j.LocalContainerEntityManagerFactoryBean : Initialized JPA EntityManagerFactory for persistence unit 'default'
2023-07-07T00:30:49.254+02:00  WARN 265196 --- [    Test worker] JpaBaseConfiguration$JpaWebConfiguration : spring.jpa.open-in-view is enabled by default. Therefore, database queries may be performed during view rendering. Explicitly configure spring.jpa.open-in-view to disable this warning
2023-07-07T00:30:49.934+02:00  INFO 265196 --- [    Test worker] o.s.s.web.DefaultSecurityFilterChain     : Will secure any request with [org.springframework.security.web.session.DisableEncodeUrlFilter@c7cbc2d, org.springframework.security.web.context.request.async.WebAsyncManagerIntegrationFilter@36ae17ef, org.springframework.security.web.context.SecurityContextHolderFilter@28c75c93, org.springframework.security.web.header.HeaderWriterFilter@5e7ea81b, org.springframework.web.filter.CorsFilter@3f919230, org.springframework.security.web.authentication.logout.LogoutFilter@41736818, org.springframework.security.web.authentication.UsernamePasswordAuthenticationFilter@5a08d301, org.springframework.security.web.authentication.ui.DefaultLoginPageGeneratingFilter@6bbac73d, org.springframework.security.web.authentication.ui.DefaultLogoutPageGeneratingFilter@48d14ea0, org.springframework.security.web.savedrequest.RequestCacheAwareFilter@95aeee4, org.springframework.security.web.servletapi.SecurityContextHolderAwareRequestFilter@63218586, org.springframework.security.web.authentication.AnonymousAuthenticationFilter@21251e43, org.springframework.security.web.access.ExceptionTranslationFilter@5d56c2d2, org.springframework.security.web.access.intercept.AuthorizationFilter@5f1a3c4]
2023-07-07T00:30:50.888+02:00  INFO 265196 --- [    Test worker] com.example.demo.DemoApplicationTests    : Started DemoApplicationTests in 8.415 seconds (process running for 9.594)
]]></system-out>
  <system-err><![CDATA[]]></system-err>
</testsuite>
